[22:51:12.059] [Director] Macro particles RUNNING
[22:51:12.372] [Director] Added 10 source labels (total: 10)
[22:53:11.671] [Director] Added 13 sink labels (DEBUG mode)
[22:53:26.445] [Director] Layer B alpha: 0.000
[22:53:26.448] [Director] Layer B alpha: 0.000
[22:53:26.450] [Director] Layer B alpha: 0.000
[22:53:26.452] [Director] Layer B alpha: 0.001
[22:53:26.454] [Director] Layer B alpha: 0.001
[22:53:26.759] [Director] Layer B alpha: 0.001
[22:53:26.762] [Director] Layer B alpha: 0.001
[22:53:26.764] [Director] Layer B alpha: 0.002
[22:53:26.766] [Director] Layer B alpha: 0.002
[22:53:26.768] [Director] Layer B alpha: 0.003
[22:53:26.770] [Director] Layer B alpha: 0.003
[22:53:27.075] [Director] Layer B alpha: 0.004
[22:53:27.078] [Director] Layer B alpha: 0.004
[22:53:27.080] [Director] Layer B alpha: 0.005
[22:53:27.081] [Director] Layer B alpha: 0.006
[22:53:27.082] [Director] Layer B alpha: 0.006
[22:53:27.083] [Director] Layer B alpha: 0.007
[22:53:27.390] [Director] Layer B alpha: 0.008
[22:53:27.392] [Director] Layer B alpha: 0.009
[22:53:27.395] [Director] Layer B alpha: 0.010
[22:53:27.397] [Director] Layer B alpha: 0.011
[22:53:27.398] [Director] Layer B alpha: 0.012
[22:53:27.400] [Director] Layer B alpha: 0.013
[22:53:27.705] [Director] Layer B alpha: 0.014
[22:53:27.708] [Director] Layer B alpha: 0.015
[22:53:27.710] [Director] Layer B alpha: 0.016
[22:53:27.712] [Director] Layer B alpha: 0.017
[22:53:27.713] [Director] Layer B alpha: 0.018
[22:53:27.715] [Director] Layer B alpha: 0.020
[22:53:28.023] [Director] Layer B alpha: 0.021
[22:53:28.026] [Director] Layer B alpha: 0.000
[22:53:28.029] [Director] Layer B alpha: 0.022
[22:53:28.031] [Director] Layer B alpha: 0.024
[22:53:28.033] [Director] Layer B alpha: 0.025
[22:53:28.035] [Director] Layer B alpha: 0.026
[22:53:28.341] [Director] Layer B alpha: 0.028
[22:53:28.343] [Director] Layer B alpha: 0.029
[22:53:28.345] [Director] Layer B alpha: 0.031
[22:53:28.347] [Director] Layer B alpha: 0.033
[22:53:28.349] [Director] Layer B alpha: 0.034
[22:53:28.351] [Director] Layer B alpha: 0.036
[22:53:28.658] [Director] Layer B alpha: 0.038
[22:53:28.661] [Director] Layer B alpha: 0.039
[22:53:28.664] [Director] Layer B alpha: 0.041
[22:53:28.666] [Director] Layer B alpha: 0.043
[22:53:28.668] [Director] Layer B alpha: 0.045
[22:53:28.670] [Director] Layer B alpha: 0.047
[22:53:28.976] [Director] Layer B alpha: 0.049
[22:53:28.979] [Director] Layer B alpha: 0.050
[22:53:28.981] [Director] Layer B alpha: 0.052
[22:53:28.983] [Director] Layer B alpha: 0.054
[22:53:28.985] [Director] Layer B alpha: 0.057
[22:53:28.987] [Director] Layer B alpha: 0.059
[22:53:29.292] [Director] Layer B alpha: 0.061
[22:53:29.297] [Director] Layer B alpha: 0.063
[22:53:29.300] [Director] Layer B alpha: 0.065
[22:53:29.302] [Director] Layer B alpha: 0.067
[22:53:29.304] [Director] Layer B alpha: 0.069
[22:53:29.306] [Director] Layer B alpha: 0.072
[22:53:29.607] [Director] Layer B alpha: 0.074
[22:53:29.610] [Director] Layer B alpha: 0.076
[22:53:29.612] [Director] Layer B alpha: 0.079
[22:53:29.624] [Director] Layer B alpha: 0.081
[22:53:29.627] [Director] Layer B alpha: 0.083
[22:53:29.630] [Director] Layer B alpha: 0.086
[22:53:29.922] [Director] Layer B alpha: 0.088
[22:53:29.925] [Director] Layer B alpha: 0.091
[22:53:29.929] [Director] Layer B alpha: 0.093
[22:53:29.931] [Director] Layer B alpha: 0.096
[22:53:29.933] [Director] Layer B alpha: 0.099
[22:53:29.935] [Director] Layer B alpha: 0.101
[22:53:30.235] [Director] Layer B alpha: 0.104
[22:53:30.239] [Director] Layer B alpha: 0.107
[22:53:30.241] [Director] Layer B alpha: 0.109
[22:53:30.243] [Director] Layer B alpha: 0.112
[22:53:30.245] [Director] Layer B alpha: 0.115
[22:53:30.246] [Director] Layer B alpha: 0.118
[22:53:30.557] [Director] Layer B alpha: 0.120
[22:53:30.559] [Director] Layer B alpha: 0.123
[22:53:30.561] [Director] Layer B alpha: 0.126
[22:53:30.563] [Director] Layer B alpha: 0.129
[22:53:30.564] [Director] Layer B alpha: 0.132
[22:53:30.565] [Director] Layer B alpha: 0.135
[22:53:30.870] [Director] Layer B alpha: 0.138
[22:53:30.873] [Director] Layer B alpha: 0.141
[22:53:30.876] [Director] Layer B alpha: 0.144
[22:53:30.878] [Director] Layer B alpha: 0.147
[22:53:30.879] [Director] Layer B alpha: 0.150
[22:53:30.881] [Director] Layer B alpha: 0.153
[22:53:31.190] [Director] Layer B alpha: 0.156
[22:53:31.193] [Director] Layer B alpha: 0.159
[22:53:31.195] [Director] Layer B alpha: 0.162
[22:53:31.197] [Director] Layer B alpha: 0.166
[22:53:31.199] [Director] Layer B alpha: 0.169
[22:53:31.201] [Director] Layer B alpha: 0.172
[22:53:31.501] [Director] Layer B alpha: 0.175
[22:53:31.503] [Director] Layer B alpha: 0.179
[22:53:31.506] [Director] Layer B alpha: 0.182
[22:53:31.508] [Director] Layer B alpha: 0.185
[22:53:31.510] [Director] Layer B alpha: 0.188
[22:53:31.512] [Director] Layer B alpha: 0.192
[22:53:31.811] [Director] Layer B alpha: 0.195
[22:53:31.814] [Director] Layer B alpha: 0.199
[22:53:31.816] [Director] Layer B alpha: 0.202
[22:53:31.818] [Director] Layer B alpha: 0.205
[22:53:31.820] [Director] Layer B alpha: 0.209
[22:53:31.823] [Director] Layer B alpha: 0.212
[22:53:32.118] [Director] Layer B alpha: 0.216
[22:53:32.121] [Director] Layer B alpha: 0.219
[22:53:32.123] [Director] Layer B alpha: 0.223
[22:53:32.126] [Director] Layer B alpha: 0.226
[22:53:32.128] [Director] Layer B alpha: 0.230
[22:53:32.130] [Director] Layer B alpha: 0.234
[22:53:32.441] [Director] Layer B alpha: 0.237
[22:53:32.444] [Director] Layer B alpha: 0.241
[22:53:32.446] [Director] Layer B alpha: 0.244
[22:53:32.447] [Director] Layer B alpha: 0.248
[22:53:32.449] [Director] Layer B alpha: 0.252
[22:53:32.451] [Director] Layer B alpha: 0.255
[22:53:32.756] [Director] Layer B alpha: 0.259
[22:53:32.759] [Director] Layer B alpha: 0.263
[22:53:32.762] [Director] Layer B alpha: 0.266
[22:53:32.764] [Director] Layer B alpha: 0.270
[22:53:32.766] [Director] Layer B alpha: 0.274
[22:53:32.768] [Director] Layer B alpha: 0.278
[22:53:33.069] [Director] Layer B alpha: 0.281
[22:53:33.072] [Director] Layer B alpha: 0.285
[22:53:33.075] [Director] Layer B alpha: 0.289
[22:53:33.077] [Director] Layer B alpha: 0.293
[22:53:33.079] [Director] Layer B alpha: 0.297
[22:53:33.081] [Director] Layer B alpha: 0.301
[22:53:33.389] [Director] Layer B alpha: 0.304
[22:53:33.396] [Director] Layer B alpha: 0.308
[22:53:33.399] [Director] Layer B alpha: 0.312
[22:53:33.401] [Director] Layer B alpha: 0.316
[22:53:33.403] [Director] Layer B alpha: 0.320
[22:53:33.405] [Director] Layer B alpha: 0.324
[22:53:33.704] [Director] Layer B alpha: 0.328
[22:53:33.708] [Director] Layer B alpha: 0.332
[22:53:33.710] [Director] Layer B alpha: 0.336
[22:53:33.712] [Director] Layer B alpha: 0.340
[22:53:33.714] [Director] Layer B alpha: 0.344
[22:53:33.716] [Director] Layer B alpha: 0.348
[22:53:34.023] [Director] Layer B alpha: 0.352
[22:53:34.026] [Director] Layer B alpha: 0.356
[22:53:34.028] [Director] Layer B alpha: 0.360
[22:53:34.029] [Director] Layer B alpha: 0.364
[22:53:34.031] [Director] Layer B alpha: 0.368
[22:53:34.033] [Director] Layer B alpha: 0.372
[22:53:34.336] [Director] Layer B alpha: 0.376
[22:53:34.339] [Director] Layer B alpha: 0.380
[22:53:34.341] [Director] Layer B alpha: 0.384
[22:53:34.344] [Director] Layer B alpha: 0.388
[22:53:34.345] [Director] Layer B alpha: 0.392
[22:53:34.347] [Director] Layer B alpha: 0.396
[22:53:34.654] [Director] Layer B alpha: 0.400
[22:53:34.657] [Director] Layer B alpha: 0.404
[22:53:34.660] [Director] Layer B alpha: 0.408
[22:53:34.663] [Director] Layer B alpha: 0.413
[22:53:34.665] [Director] Layer B alpha: 0.417
[22:53:34.667] [Director] Layer B alpha: 0.421
[22:53:34.970] [Director] Layer B alpha: 0.425
[22:53:34.973] [Director] Layer B alpha: 0.429
[22:53:34.976] [Director] Layer B alpha: 0.433
[22:53:34.978] [Director] Layer B alpha: 0.437
[22:53:34.980] [Director] Layer B alpha: 0.441
[22:53:34.982] [Director] Layer B alpha: 0.446
[22:53:35.281] [Director] Layer B alpha: 0.450
[22:53:35.283] [Director] Layer B alpha: 0.454
[22:53:35.286] [Director] Layer B alpha: 0.458
[22:53:35.288] [Director] Layer B alpha: 0.462
[22:53:35.291] [Director] Layer B alpha: 0.466
[22:53:35.293] [Director] Layer B alpha: 0.471
[22:53:35.600] [Director] Layer B alpha: 0.475
[22:53:35.603] [Director] Layer B alpha: 0.479
[22:53:35.606] [Director] Layer B alpha: 0.483
[22:53:35.608] [Director] Layer B alpha: 0.487
[22:53:35.610] [Director] Layer B alpha: 0.491
[22:53:35.612] [Director] Layer B alpha: 0.496
[22:53:35.921] [Director] Layer B alpha: 0.500
[22:53:35.924] [Director] Layer B alpha: 0.504
[22:53:35.927] [Director] Layer B alpha: 0.508
[22:53:35.929] [Director] Layer B alpha: 0.512
[22:53:35.931] [Director] Layer B alpha: 0.516
[22:53:35.933] [Director] Layer B alpha: 0.521
[22:53:36.237] [Director] Layer B alpha: 0.525
[22:53:36.240] [Director] Layer B alpha: 0.529
[22:53:36.243] [Director] Layer B alpha: 0.533
[22:53:36.245] [Director] Layer B alpha: 0.537
[22:53:36.247] [Director] Layer B alpha: 0.541
[22:53:36.249] [Director] Layer B alpha: 0.545
[22:53:36.556] [Director] Layer B alpha: 0.550
[22:53:36.559] [Director] Layer B alpha: 0.554
[22:53:36.561] [Director] Layer B alpha: 0.558
[22:53:36.563] [Director] Layer B alpha: 0.562
[22:53:36.565] [Director] Layer B alpha: 0.566
[22:53:36.568] [Director] Layer B alpha: 0.570
[22:53:36.870] [Director] Layer B alpha: 0.574
[22:53:36.873] [Director] Layer B alpha: 0.579
[22:53:36.876] [Director] Layer B alpha: 0.583
[22:53:36.878] [Director] Layer B alpha: 0.587
[22:53:36.880] [Director] Layer B alpha: 0.591
[22:53:36.882] [Director] Layer B alpha: 0.595
[22:53:37.183] [Director] Layer B alpha: 0.599
[22:53:37.185] [Director] Layer B alpha: 0.603
[22:53:37.188] [Director] Layer B alpha: 0.607
[22:53:37.190] [Director] Layer B alpha: 0.611
[22:53:37.192] [Director] Layer B alpha: 0.615
[22:53:37.194] [Director] Layer B alpha: 0.619
[22:53:37.502] [Director] Layer B alpha: 0.623
[22:53:37.505] [Director] Layer B alpha: 0.628
[22:53:37.507] [Director] Layer B alpha: 0.632
[22:53:37.509] [Director] Layer B alpha: 0.636
[22:53:37.511] [Director] Layer B alpha: 0.640
[22:53:37.513] [Director] Layer B alpha: 0.644
[22:53:37.820] [Director] Layer B alpha: 0.648
[22:53:37.823] [Director] Layer B alpha: 0.652
[22:53:37.825] [Director] Layer B alpha: 0.656
[22:53:37.827] [Director] Layer B alpha: 0.660
[22:53:37.829] [Director] Layer B alpha: 0.664
[22:53:37.830] [Director] Layer B alpha: 0.667
[22:53:38.132] [Director] Layer B alpha: 0.671
[22:53:38.135] [Director] Layer B alpha: 0.675
[22:53:38.137] [Director] Layer B alpha: 0.679
[22:53:38.139] [Director] Layer B alpha: 0.683
[22:53:38.141] [Director] Layer B alpha: 0.687
[22:53:38.142] [Director] Layer B alpha: 0.691
[22:53:38.454] [Director] Layer B alpha: 0.695
[22:53:38.457] [Director] Layer B alpha: 0.699
[22:53:38.459] [Director] Layer B alpha: 0.703
[22:53:38.462] [Director] Layer B alpha: 0.706
[22:53:38.464] [Director] Layer B alpha: 0.710
[22:53:38.467] [Director] Layer B alpha: 0.714
[22:53:38.766] [Director] Layer B alpha: 0.718
[22:53:38.769] [Director] Layer B alpha: 0.722
[22:53:38.771] [Director] Layer B alpha: 0.725
[22:53:38.773] [Director] Layer B alpha: 0.729
[22:53:38.775] [Director] Layer B alpha: 0.733
[22:53:38.776] [Director] Layer B alpha: 0.737
[22:53:39.086] [Director] Layer B alpha: 0.740
[22:53:39.089] [Director] Layer B alpha: 0.744
[22:53:39.091] [Director] Layer B alpha: 0.748
[22:53:39.093] [Director] Layer B alpha: 0.751
[22:53:39.095] [Director] Layer B alpha: 0.755
[22:53:39.097] [Director] Layer B alpha: 0.759
[22:53:39.392] [Director] Layer B alpha: 0.762
[22:53:39.397] [Director] Layer B alpha: 0.766
[22:53:39.399] [Director] Layer B alpha: 0.769
[22:53:39.401] [Director] Layer B alpha: 0.773
[22:53:39.403] [Director] Layer B alpha: 0.777
[22:53:39.406] [Director] Layer B alpha: 0.780
[22:53:39.700] [Director] Layer B alpha: 0.784
[22:53:39.702] [Director] Layer B alpha: 0.787
[22:53:39.709] [Director] Layer B alpha: 0.791
[22:53:39.711] [Director] Layer B alpha: 0.794
[22:53:39.714] [Director] Layer B alpha: 0.797
[22:53:39.716] [Director] Layer B alpha: 0.801
[22:53:40.016] [Director] Layer B alpha: 0.804
[22:53:40.019] [Director] Layer B alpha: 0.808
[22:53:40.023] [Director] Layer B alpha: 0.811
[22:53:40.025] [Director] Layer B alpha: 0.814
[22:53:40.028] [Director] Layer B alpha: 0.818
[22:53:40.030] [Director] Layer B alpha: 0.821
[22:53:40.336] [Director] Layer B alpha: 0.824
[22:53:40.339] [Director] Layer B alpha: 0.827
[22:53:40.341] [Director] Layer B alpha: 0.831
[22:53:40.343] [Director] Layer B alpha: 0.834
[22:53:40.345] [Director] Layer B alpha: 0.837
[22:53:40.346] [Director] Layer B alpha: 0.840
[22:53:40.646] [Director] Layer B alpha: 0.843
[22:53:40.648] [Director] Layer B alpha: 0.846
[22:53:40.650] [Director] Layer B alpha: 0.850
[22:53:40.653] [Director] Layer B alpha: 0.853
[22:53:40.655] [Director] Layer B alpha: 0.856
[22:53:40.657] [Director] Layer B alpha: 0.859
[22:53:40.960] [Director] Layer B alpha: 0.862
[22:53:40.963] [Director] Layer B alpha: 0.865
[22:53:40.965] [Director] Layer B alpha: 0.868
[22:53:40.968] [Director] Layer B alpha: 0.871
[22:53:40.970] [Director] Layer B alpha: 0.873
[22:53:40.972] [Director] Layer B alpha: 0.876
[22:53:41.277] [Director] Layer B alpha: 0.879
[22:53:41.279] [Director] Layer B alpha: 0.882
[22:53:41.281] [Director] Layer B alpha: 0.885
[22:53:41.283] [Director] Layer B alpha: 0.888
[22:53:41.285] [Director] Layer B alpha: 0.890
[22:53:41.287] [Director] Layer B alpha: 0.893
[22:53:41.602] [Director] Layer B alpha: 0.896
[22:53:41.605] [Director] Layer B alpha: 0.898
[22:53:41.608] [Director] Layer B alpha: 0.901
[22:53:41.610] [Director] Layer B alpha: 0.904
[22:53:41.612] [Director] Layer B alpha: 0.906
[22:53:41.615] [Director] Layer B alpha: 0.909
[22:53:41.919] [Director] Layer B alpha: 0.911
[22:53:41.922] [Director] Layer B alpha: 0.914
[22:53:41.923] [Director] Layer B alpha: 0.916
[22:53:41.925] [Director] Layer B alpha: 0.919
[22:53:41.926] [Director] Layer B alpha: 0.921
[22:53:41.929] [Director] Layer B alpha: 0.923
[22:53:42.235] [Director] Layer B alpha: 0.926
[22:53:42.238] [Director] Layer B alpha: 0.928
[22:53:42.240] [Director] Layer B alpha: 0.930
[22:53:42.242] [Director] Layer B alpha: 0.932
[22:53:42.244] [Director] Layer B alpha: 0.935
[22:53:42.246] [Director] Layer B alpha: 0.937
[22:53:42.556] [Director] Layer B alpha: 0.939
[22:53:42.558] [Director] Layer B alpha: 0.941
[22:53:42.560] [Director] Layer B alpha: 0.943
[22:53:42.562] [Director] Layer B alpha: 0.945
[22:53:42.564] [Director] Layer B alpha: 0.947
[22:53:42.566] [Director] Layer B alpha: 0.949
[22:53:42.865] [Director] Layer B alpha: 0.951
[22:53:42.867] [Director] Layer B alpha: 0.953
[22:53:42.870] [Director] Layer B alpha: 0.955
[22:53:42.872] [Director] Layer B alpha: 0.957
[22:53:42.873] [Director] Layer B alpha: 0.959
[22:53:42.875] [Director] Layer B alpha: 0.960
[22:53:43.185] [Director] Layer B alpha: 0.962
[22:53:43.188] [Director] Layer B alpha: 0.964
[22:53:43.190] [Director] Layer B alpha: 0.965
[22:53:43.191] [Director] Layer B alpha: 0.967
[22:53:43.193] [Director] Layer B alpha: 0.969
[22:53:43.194] [Director] Layer B alpha: 0.970
[22:53:43.502] [Director] Layer B alpha: 0.972
[22:53:43.505] [Director] Layer B alpha: 0.973
[22:53:43.507] [Director] Layer B alpha: 0.975
[22:53:43.509] [Director] Layer B alpha: 0.976
[22:53:43.511] [Director] Layer B alpha: 0.978
[22:53:43.513] [Director] Layer B alpha: 0.979
[22:53:43.825] [Director] Layer B alpha: 0.980
[22:53:43.828] [Director] Layer B alpha: 0.981
[22:53:43.829] [Director] Layer B alpha: 0.983
[22:53:43.832] [Director] Layer B alpha: 0.984
[22:53:43.835] [Director] Layer B alpha: 0.985
[22:53:43.837] [Director] Layer B alpha: 0.986
[22:53:44.148] [Director] Layer B alpha: 0.987
[22:53:44.151] [Director] Layer B alpha: 0.988
[22:53:44.154] [Director] Layer B alpha: 0.989
[22:53:44.155] [Director] Layer B alpha: 0.990
[22:53:44.157] [Director] Layer B alpha: 0.991
[22:53:44.158] [Director] Layer B alpha: 0.992
[22:53:46.055] [Director] Layer B alpha: 0.993
[22:53:46.359] [Director] Layer B alpha: 0.993
[22:53:46.362] [Director] Layer B alpha: 0.994
[22:53:46.364] [Director] Layer B alpha: 0.995
[22:53:46.366] [Director] Layer B alpha: 0.995
[22:53:46.369] [Director] Layer B alpha: 0.996
[22:53:46.371] [Director] Queue hour: 13
[22:53:46.667] [Director] Queue hour: 14
[22:53:46.670] [Director] Layer B alpha: 0.997
[22:53:46.676] [Director] Layer B alpha: 0.997
[22:53:46.678] [Director] Layer B alpha: 0.998
[22:53:46.681] [Director] Layer B alpha: 0.998
[22:53:46.683] [Director] Layer B alpha: 0.998
[22:53:46.983] [Director] Layer B alpha: 0.999
[22:53:46.986] [Director] Layer B alpha: 0.999
[22:53:46.988] [Director] Layer B alpha: 0.999
[22:53:46.990] [Director] Layer B alpha: 1.000
[22:53:46.992] [Director] Layer B alpha: 1.000
[22:53:46.994] [Director] Layer B alpha: 1.000
[22:53:47.298] [Director] Layer B alpha: 1.000
[22:53:47.301] [Director] Layer B alpha: 1.000
[22:53:47.303] [Director] Layer B alpha: 1.000
[22:53:47.305] [Director] Hiding orientation labels
[22:53:47.307] [Director] Queue phase started
[22:53:47.309] [Director] Queue hour: 0
[22:53:47.612] [Director] Queue hour: 1
[22:53:47.615] [Director] Queue hour: 15
[22:53:47.618] [Director] Queue hour: 16
[22:53:47.621] [Director] Queue hour: 2
[22:53:47.623] [Director] Queue hour: 3
[22:53:47.625] [Director] Queue hour: 4
[22:53:47.925] [Director] Queue hour: 5
[22:53:47.928] [Director] Queue hour: 6
[22:53:47.930] [Director] Queue hour: 7
[22:53:47.932] [Director] Queue hour: 8
[22:53:47.935] [Director] Queue hour: 9
[22:53:47.937] [Director] Queue hour: 10
[22:53:48.249] [Director] Queue hour: 11
[22:53:48.253] [Director] Queue hour: 12
[22:53:48.255] [Director] Queue hour: 17
[22:53:48.257] [Director] Queue hour: 18
[22:53:48.259] [Director] Queue hour: 19
[22:53:48.261] [Director] Queue hour: 20
[22:53:49.014] [Director] Queue hour: 21
[22:53:49.017] [Director] Queue hour: 22
[22:53:49.703] [Director] Queue hour: 23
[22:53:50.529] [Director] Queue phase ended
[22:53:52.559] [Director] Corridor highlight: primary=laredo, secondary=hidalgo_pharr
[22:53:57.608] [Director] Showing 2 POE labels
[22:54:02.636] [Director] Hiding orientation labels
[22:54:05.363] [Director] Showing framing square: reynosa
[22:54:05.671] [Director] Simulation STARTED
[22:54:09.759] [Director] Hiding framing square
[22:54:09.812] [Director] Snapped to frame (reynosa): center=(-8491, -5982), zoom=0.044488
[22:54:09.814] [Director] Corridor highlight cleared
[22:54:09.816] [Director] Local sim intro started
[22:55:25.781] [Director] Particle color mode: 2
[22:55:41.111] [Director] Showing framing square: inovus
[06:40:49.382] [Director] Hiding framing square
[06:40:49.448] [Director] Snapped to frame (inovus): center=(-1439, -7580), zoom=0.089946
